<?xml version="1.0" encoding="UTF-8"?>
<coverage generated="1636373827252" clover="3.2.0">
  <project timestamp="1636373827252" name="All files">
    <metrics statements="65" coveredstatements="61" conditionals="20" coveredconditionals="17" methods="13" coveredmethods="13" elements="98" coveredelements="91" complexity="0" loc="65" ncloc="65" packages="1" files="1" classes="1"/>
    <file name="index.js" path="D:\Users\yashbansal\Sandbox-3\Restfull-API\src\index.js">
      <metrics statements="65" coveredstatements="61" conditionals="20" coveredconditionals="17" methods="13" coveredmethods="13"/>
      <line num="1" count="1" type="stmt"/>
      <line num="2" count="1" type="stmt"/>
      <line num="3" count="1" type="stmt"/>
      <line num="4" count="1" type="stmt"/>
      <line num="5" count="1" type="stmt"/>
      <line num="7" count="1" type="stmt"/>
      <line num="13" count="1" type="stmt"/>
      <line num="25" count="1" type="stmt"/>
      <line num="27" count="1" type="stmt"/>
      <line num="49" count="1" type="stmt"/>
      <line num="50" count="1" type="stmt"/>
      <line num="54" count="1" type="stmt"/>
      <line num="121" count="1" type="stmt"/>
      <line num="122" count="1" type="stmt"/>
      <line num="163" count="1" type="stmt"/>
      <line num="164" count="2" type="stmt"/>
      <line num="165" count="8" type="stmt"/>
      <line num="167" count="2" type="cond" truecount="2" falsecount="0"/>
      <line num="168" count="1" type="stmt"/>
      <line num="170" count="1" type="stmt"/>
      <line num="225" count="1" type="stmt"/>
      <line num="226" count="3" type="cond" truecount="4" falsecount="0"/>
      <line num="227" count="1" type="stmt"/>
      <line num="230" count="3" type="cond" truecount="1" falsecount="1"/>
      <line num="231" count="2" type="stmt"/>
      <line num="233" count="0" type="stmt"/>
      <line num="238" count="0" type="stmt"/>
      <line num="239" count="0" type="stmt"/>
      <line num="295" count="1" type="stmt"/>
      <line num="296" count="3" type="stmt"/>
      <line num="297" count="3" type="stmt"/>
      <line num="298" count="3" type="stmt"/>
      <line num="300" count="3" type="stmt"/>
      <line num="301" count="9" type="stmt"/>
      <line num="304" count="3" type="cond" truecount="2" falsecount="0"/>
      <line num="305" count="1" type="stmt"/>
      <line num="306" count="1" type="stmt"/>
      <line num="307" count="1" type="stmt"/>
      <line num="308" count="1" type="stmt"/>
      <line num="310" count="2" type="stmt"/>
      <line num="367" count="1" type="stmt"/>
      <line num="368" count="3" type="stmt"/>
      <line num="370" count="3" type="stmt"/>
      <line num="371" count="10" type="stmt"/>
      <line num="374" count="3" type="cond" truecount="2" falsecount="0"/>
      <line num="375" count="1" type="stmt"/>
      <line num="376" count="1" type="cond" truecount="1" falsecount="1"/>
      <line num="377" count="1" type="stmt"/>
      <line num="379" count="1" type="cond" truecount="1" falsecount="1"/>
      <line num="380" count="0" type="stmt"/>
      <line num="383" count="1" type="stmt"/>
      <line num="385" count="2" type="stmt"/>
      <line num="428" count="1" type="stmt"/>
      <line num="429" count="2" type="stmt"/>
      <line num="430" count="7" type="stmt"/>
      <line num="432" count="2" type="cond" truecount="2" falsecount="0"/>
      <line num="433" count="1" type="stmt"/>
      <line num="434" count="1" type="stmt"/>
      <line num="436" count="1" type="stmt"/>
      <line num="437" count="1" type="stmt"/>
      <line num="438" count="1" type="stmt"/>
      <line num="445" count="1" type="cond" truecount="2" falsecount="0"/>
      <line num="447" count="1" type="stmt"/>
      <line num="448" count="1" type="stmt"/>
      <line num="451" count="1" type="stmt"/>
    </file>
  </project>
</coverage>
