{"D:\\Users\\yashbansal\\Sandbox-3\\Restfull-API\\src\\index.js": {"path":"D:\\Users\\yashbansal\\Sandbox-3\\Restfull-API\\src\\index.js","statementMap":{"0":{"start":{"line":1,"column":16},"end":{"line":1,"column":34}},"1":{"start":{"line":2,"column":21},"end":{"line":2,"column":45}},"2":{"start":{"line":3,"column":18},"end":{"line":3,"column":47}},"3":{"start":{"line":4,"column":12},"end":{"line":4,"column":21}},"4":{"start":{"line":5,"column":0},"end":{"line":5,"column":24}},"5":{"start":{"line":7,"column":0},"end":{"line":11,"column":2}},"6":{"start":{"line":13,"column":23},"end":{"line":24,"column":1}},"7":{"start":{"line":25,"column":20},"end":{"line":25,"column":48}},"8":{"start":{"line":27,"column":0},"end":{"line":27,"column":68}},"9":{"start":{"line":49,"column":0},"end":{"line":51,"column":3}},"10":{"start":{"line":50,"column":2},"end":{"line":50,"column":54}},"11":{"start":{"line":54,"column":14},"end":{"line":71,"column":1}},"12":{"start":{"line":121,"column":0},"end":{"line":123,"column":3}},"13":{"start":{"line":122,"column":2},"end":{"line":122,"column":32}},"14":{"start":{"line":163,"column":0},"end":{"line":171,"column":3}},"15":{"start":{"line":164,"column":15},"end":{"line":166,"column":3}},"16":{"start":{"line":165,"column":17},"end":{"line":165,"column":55}},"17":{"start":{"line":167,"column":2},"end":{"line":169,"column":3}},"18":{"start":{"line":168,"column":4},"end":{"line":168,"column":41}},"19":{"start":{"line":170,"column":2},"end":{"line":170,"column":29}},"20":{"start":{"line":225,"column":0},"end":{"line":240,"column":3}},"21":{"start":{"line":226,"column":2},"end":{"line":228,"column":3}},"22":{"start":{"line":227,"column":4},"end":{"line":227,"column":61}},"23":{"start":{"line":230,"column":2},"end":{"line":232,"column":3}},"24":{"start":{"line":230,"column":32},"end":{"line":230,"column":58}},"25":{"start":{"line":231,"column":4},"end":{"line":231,"column":47}},"26":{"start":{"line":233,"column":15},"end":{"line":237,"column":3}},"27":{"start":{"line":238,"column":2},"end":{"line":238,"column":21}},"28":{"start":{"line":239,"column":2},"end":{"line":239,"column":29}},"29":{"start":{"line":295,"column":0},"end":{"line":312,"column":3}},"30":{"start":{"line":296,"column":11},"end":{"line":296,"column":24}},"31":{"start":{"line":297,"column":13},"end":{"line":297,"column":26}},"32":{"start":{"line":298,"column":19},"end":{"line":298,"column":38}},"33":{"start":{"line":300,"column":14},"end":{"line":302,"column":4}},"34":{"start":{"line":301,"column":4},"end":{"line":301,"column":45}},"35":{"start":{"line":304,"column":2},"end":{"line":311,"column":3}},"36":{"start":{"line":305,"column":14},"end":{"line":305,"column":28}},"37":{"start":{"line":306,"column":4},"end":{"line":306,"column":20}},"38":{"start":{"line":307,"column":4},"end":{"line":307,"column":32}},"39":{"start":{"line":308,"column":4},"end":{"line":308,"column":30}},"40":{"start":{"line":310,"column":4},"end":{"line":310,"column":26}},"41":{"start":{"line":367,"column":0},"end":{"line":387,"column":3}},"42":{"start":{"line":368,"column":11},"end":{"line":368,"column":24}},"43":{"start":{"line":370,"column":14},"end":{"line":372,"column":4}},"44":{"start":{"line":371,"column":4},"end":{"line":371,"column":45}},"45":{"start":{"line":374,"column":2},"end":{"line":386,"column":3}},"46":{"start":{"line":375,"column":14},"end":{"line":375,"column":28}},"47":{"start":{"line":376,"column":4},"end":{"line":378,"column":5}},"48":{"start":{"line":377,"column":6},"end":{"line":377,"column":31}},"49":{"start":{"line":379,"column":4},"end":{"line":381,"column":5}},"50":{"start":{"line":380,"column":6},"end":{"line":380,"column":43}},"51":{"start":{"line":383,"column":4},"end":{"line":383,"column":30}},"52":{"start":{"line":385,"column":4},"end":{"line":385,"column":26}},"53":{"start":{"line":428,"column":0},"end":{"line":439,"column":3}},"54":{"start":{"line":429,"column":15},"end":{"line":431,"column":3}},"55":{"start":{"line":430,"column":17},"end":{"line":430,"column":55}},"56":{"start":{"line":432,"column":2},"end":{"line":435,"column":3}},"57":{"start":{"line":433,"column":4},"end":{"line":433,"column":34}},"58":{"start":{"line":434,"column":4},"end":{"line":434,"column":11}},"59":{"start":{"line":436,"column":16},"end":{"line":436,"column":37}},"60":{"start":{"line":437,"column":2},"end":{"line":437,"column":27}},"61":{"start":{"line":438,"column":2},"end":{"line":438,"column":29}},"62":{"start":{"line":445,"column":13},"end":{"line":445,"column":37}},"63":{"start":{"line":447,"column":0},"end":{"line":449,"column":3}},"64":{"start":{"line":448,"column":2},"end":{"line":448,"column":48}},"65":{"start":{"line":451,"column":0},"end":{"line":451,"column":21}}},"fnMap":{"0":{"name":"(anonymous_0)","decl":{"start":{"line":49,"column":13},"end":{"line":49,"column":14}},"loc":{"start":{"line":49,"column":27},"end":{"line":51,"column":1}},"line":49},"1":{"name":"(anonymous_1)","decl":{"start":{"line":121,"column":20},"end":{"line":121,"column":21}},"loc":{"start":{"line":121,"column":34},"end":{"line":123,"column":1}},"line":121},"2":{"name":"(anonymous_2)","decl":{"start":{"line":163,"column":24},"end":{"line":163,"column":25}},"loc":{"start":{"line":163,"column":38},"end":{"line":171,"column":1}},"line":163},"3":{"name":"(anonymous_3)","decl":{"start":{"line":165,"column":4},"end":{"line":165,"column":5}},"loc":{"start":{"line":165,"column":17},"end":{"line":165,"column":55}},"line":165},"4":{"name":"(anonymous_4)","decl":{"start":{"line":225,"column":21},"end":{"line":225,"column":22}},"loc":{"start":{"line":225,"column":35},"end":{"line":240,"column":1}},"line":225},"5":{"name":"(anonymous_5)","decl":{"start":{"line":230,"column":19},"end":{"line":230,"column":20}},"loc":{"start":{"line":230,"column":32},"end":{"line":230,"column":58}},"line":230},"6":{"name":"(anonymous_6)","decl":{"start":{"line":295,"column":24},"end":{"line":295,"column":25}},"loc":{"start":{"line":295,"column":38},"end":{"line":312,"column":1}},"line":295},"7":{"name":"(anonymous_7)","decl":{"start":{"line":300,"column":32},"end":{"line":300,"column":33}},"loc":{"start":{"line":300,"column":45},"end":{"line":302,"column":3}},"line":300},"8":{"name":"(anonymous_8)","decl":{"start":{"line":367,"column":26},"end":{"line":367,"column":27}},"loc":{"start":{"line":367,"column":40},"end":{"line":387,"column":1}},"line":367},"9":{"name":"(anonymous_9)","decl":{"start":{"line":370,"column":32},"end":{"line":370,"column":33}},"loc":{"start":{"line":370,"column":45},"end":{"line":372,"column":3}},"line":370},"10":{"name":"(anonymous_10)","decl":{"start":{"line":428,"column":27},"end":{"line":428,"column":28}},"loc":{"start":{"line":428,"column":41},"end":{"line":439,"column":1}},"line":428},"11":{"name":"(anonymous_11)","decl":{"start":{"line":430,"column":4},"end":{"line":430,"column":5}},"loc":{"start":{"line":430,"column":17},"end":{"line":430,"column":55}},"line":430},"12":{"name":"(anonymous_12)","decl":{"start":{"line":447,"column":17},"end":{"line":447,"column":18}},"loc":{"start":{"line":447,"column":23},"end":{"line":449,"column":1}},"line":447}},"branchMap":{"0":{"loc":{"start":{"line":167,"column":2},"end":{"line":169,"column":3}},"type":"if","locations":[{"start":{"line":167,"column":2},"end":{"line":169,"column":3}},{"start":{},"end":{}}],"line":167},"1":{"loc":{"start":{"line":226,"column":2},"end":{"line":228,"column":3}},"type":"if","locations":[{"start":{"line":226,"column":2},"end":{"line":228,"column":3}},{"start":{},"end":{}}],"line":226},"2":{"loc":{"start":{"line":226,"column":6},"end":{"line":226,"column":48}},"type":"binary-expr","locations":[{"start":{"line":226,"column":6},"end":{"line":226,"column":20}},{"start":{"line":226,"column":24},"end":{"line":226,"column":48}}],"line":226},"3":{"loc":{"start":{"line":230,"column":2},"end":{"line":232,"column":3}},"type":"if","locations":[{"start":{"line":230,"column":2},"end":{"line":232,"column":3}},{"start":{},"end":{}}],"line":230},"4":{"loc":{"start":{"line":304,"column":2},"end":{"line":311,"column":3}},"type":"if","locations":[{"start":{"line":304,"column":2},"end":{"line":311,"column":3}},{"start":{"line":309,"column":9},"end":{"line":311,"column":3}}],"line":304},"5":{"loc":{"start":{"line":374,"column":2},"end":{"line":386,"column":3}},"type":"if","locations":[{"start":{"line":374,"column":2},"end":{"line":386,"column":3}},{"start":{"line":384,"column":9},"end":{"line":386,"column":3}}],"line":374},"6":{"loc":{"start":{"line":376,"column":4},"end":{"line":378,"column":5}},"type":"if","locations":[{"start":{"line":376,"column":4},"end":{"line":378,"column":5}},{"start":{},"end":{}}],"line":376},"7":{"loc":{"start":{"line":379,"column":4},"end":{"line":381,"column":5}},"type":"if","locations":[{"start":{"line":379,"column":4},"end":{"line":381,"column":5}},{"start":{},"end":{}}],"line":379},"8":{"loc":{"start":{"line":432,"column":2},"end":{"line":435,"column":3}},"type":"if","locations":[{"start":{"line":432,"column":2},"end":{"line":435,"column":3}},{"start":{},"end":{}}],"line":432},"9":{"loc":{"start":{"line":445,"column":13},"end":{"line":445,"column":37}},"type":"binary-expr","locations":[{"start":{"line":445,"column":13},"end":{"line":445,"column":29}},{"start":{"line":445,"column":33},"end":{"line":445,"column":37}}],"line":445}},"s":{"0":1,"1":1,"2":1,"3":1,"4":1,"5":1,"6":1,"7":1,"8":1,"9":1,"10":1,"11":1,"12":1,"13":1,"14":1,"15":2,"16":8,"17":2,"18":1,"19":1,"20":1,"21":3,"22":1,"23":2,"24":3,"25":2,"26":0,"27":0,"28":0,"29":1,"30":3,"31":3,"32":3,"33":3,"34":9,"35":3,"36":1,"37":1,"38":1,"39":1,"40":2,"41":1,"42":3,"43":3,"44":10,"45":3,"46":1,"47":1,"48":1,"49":1,"50":0,"51":1,"52":2,"53":1,"54":2,"55":7,"56":2,"57":1,"58":1,"59":1,"60":1,"61":1,"62":1,"63":1,"64":1,"65":1},"f":{"0":1,"1":1,"2":2,"3":8,"4":3,"5":3,"6":3,"7":9,"8":3,"9":10,"10":2,"11":7,"12":1},"b":{"0":[1,1],"1":[1,2],"2":[3,3],"3":[2,0],"4":[1,2],"5":[1,2],"6":[1,0],"7":[0,1],"8":[1,1],"9":[1,1]},"_coverageSchema":"1a1c01bbd47fc00a2c39e90264f33305004495a9","hash":"f315a59ef8e6b50962585576a0d7f70585f9fa21"}
}
