TN:
SF:src\index.js
FN:49,(anonymous_0)
FN:121,(anonymous_1)
FN:163,(anonymous_2)
FN:165,(anonymous_3)
FN:225,(anonymous_4)
FN:230,(anonymous_5)
FN:295,(anonymous_6)
FN:300,(anonymous_7)
FN:367,(anonymous_8)
FN:370,(anonymous_9)
FN:428,(anonymous_10)
FN:430,(anonymous_11)
FN:447,(anonymous_12)
FNF:13
FNH:13
FNDA:1,(anonymous_0)
FNDA:1,(anonymous_1)
FNDA:2,(anonymous_2)
FNDA:8,(anonymous_3)
FNDA:3,(anonymous_4)
FNDA:3,(anonymous_5)
FNDA:3,(anonymous_6)
FNDA:9,(anonymous_7)
FNDA:3,(anonymous_8)
FNDA:10,(anonymous_9)
FNDA:2,(anonymous_10)
FNDA:7,(anonymous_11)
FNDA:1,(anonymous_12)
DA:1,1
DA:2,1
DA:3,1
DA:4,1
DA:5,1
DA:7,1
DA:13,1
DA:25,1
DA:27,1
DA:49,1
DA:50,1
DA:54,1
DA:121,1
DA:122,1
DA:163,1
DA:164,2
DA:165,8
DA:167,2
DA:168,1
DA:170,1
DA:225,1
DA:226,3
DA:227,1
DA:230,3
DA:231,2
DA:233,0
DA:238,0
DA:239,0
DA:295,1
DA:296,3
DA:297,3
DA:298,3
DA:300,3
DA:301,9
DA:304,3
DA:305,1
DA:306,1
DA:307,1
DA:308,1
DA:310,2
DA:367,1
DA:368,3
DA:370,3
DA:371,10
DA:374,3
DA:375,1
DA:376,1
DA:377,1
DA:379,1
DA:380,0
DA:383,1
DA:385,2
DA:428,1
DA:429,2
DA:430,7
DA:432,2
DA:433,1
DA:434,1
DA:436,1
DA:437,1
DA:438,1
DA:445,1
DA:447,1
DA:448,1
DA:451,1
LF:65
LH:61
BRDA:167,0,0,1
BRDA:167,0,1,1
BRDA:226,1,0,1
BRDA:226,1,1,2
BRDA:226,2,0,3
BRDA:226,2,1,3
BRDA:230,3,0,2
BRDA:230,3,1,0
BRDA:304,4,0,1
BRDA:304,4,1,2
BRDA:374,5,0,1
BRDA:374,5,1,2
BRDA:376,6,0,1
BRDA:376,6,1,0
BRDA:379,7,0,0
BRDA:379,7,1,1
BRDA:432,8,0,1
BRDA:432,8,1,1
BRDA:445,9,0,1
BRDA:445,9,1,1
BRF:20
BRH:17
end_of_record
